<?xml version="1.0" encoding="UTF-8"?>
<testsuite xmlns:xsi="http://www.w3.org/2001/XMLSchema-instance" xsi:noNamespaceSchemaLocation="https://maven.apache.org/surefire/maven-surefire-plugin/xsd/surefire-test-report-3.0.xsd" version="3.0" name="com.zeco.springSecurityfinal.SpringSecurityfinalApplicationTests" time="4.029" tests="1" errors="0" skipped="0" failures="0">
  <properties>
[...]
</properties>
  <testcase name="contextLoads" classname="com.zeco.springSecurityfinal.SpringSecurityfinalApplicationTests" time="0.968">
    <system-out><![CDATA[18:22:46.403 [main] INFO org.springframework.test.context.support.AnnotationConfigContextLoaderUtils -- Could not detect default configuration classes for test class [com.zeco.springSecurityfinal.SpringSecurityfinalApplicationTests]: SpringSecurityfinalApplicationTests does not declare any static, non-private, non-final, nested classes annotated with @Configuration.
18:22:46.556 [main] INFO org.springframework.boot.test.context.SpringBootTestContextBootstrapper -- Found @SpringBootConfiguration com.zeco.springSecurityfinal.SpringSecurityfinalApplication for test class com.zeco.springSecurityfinal.SpringSecurityfinalApplicationTests

  .   ____          _            __ _ _
 /\\ / ___'_ __ _ _(_)_ __  __ _ \ \ \ \
( ( )\___ | '_ | '_| | '_ \/ _` | \ \ \ \
 \\/  ___)| |_)| | | | | || (_| |  ) ) ) )
  '  |____| .__|_| |_|_| |_\__, | / / / /
 =========|_|==============|___/=/_/_/_/
 :: Spring Boot ::                (v3.2.4)

2024-03-30T18:22:47.112+01:00  INFO 61838 --- [springSecurityfinal] [           main] .z.s.SpringSecurityfinalApplicationTests : Starting SpringSecurityfinalApplicationTests using Java 21.0.2 with PID 61838 (started by nkemah in /home/nkemah/Documents/LearnSpringBoot( check the other part on Github )/21-springSecurityfinal)
2024-03-30T18:22:47.114+01:00  INFO 61838 --- [springSecurityfinal] [           main] .z.s.SpringSecurityfinalApplicationTests : No active profile set, falling back to 1 default profile: "default"
2024-03-30T18:22:48.256+01:00  WARN 61838 --- [springSecurityfinal] [           main] o.s.security.core.userdetails.User       : User.withDefaultPasswordEncoder() is considered unsafe for production and is only intended for sample applications.
2024-03-30T18:22:48.866+01:00  INFO 61838 --- [springSecurityfinal] [           main] o.s.s.web.DefaultSecurityFilterChain     : Will secure any request with [org.springframework.security.web.session.DisableEncodeUrlFilter@697173d9, org.springframework.security.web.context.request.async.WebAsyncManagerIntegrationFilter@ceddaf8, org.springframework.security.web.context.SecurityContextHolderFilter@52bf7bf6, org.springframework.security.web.header.HeaderWriterFilter@6b63e6ad, org.springframework.web.filter.CorsFilter@3d90eeb3, org.springframework.security.web.authentication.logout.LogoutFilter@59a79443, org.springframework.security.web.savedrequest.RequestCacheAwareFilter@ae73c80, org.springframework.security.web.servletapi.SecurityContextHolderAwareRequestFilter@22f4f8f2, org.springframework.security.web.authentication.AnonymousAuthenticationFilter@1db87583, org.springframework.security.web.access.ExceptionTranslationFilter@1db7157f, org.springframework.security.web.access.intercept.AuthorizationFilter@5f174dd2]
2024-03-30T18:22:49.216+01:00  INFO 61838 --- [springSecurityfinal] [           main] .z.s.SpringSecurityfinalApplicationTests : Started SpringSecurityfinalApplicationTests in 2.477 seconds (process running for 3.672)
]]></system-out>
    <system-err><![CDATA[WARNING: A Java agent has been loaded dynamically (/home/nkemah/.m2/repository/net/bytebuddy/byte-buddy-agent/1.14.12/byte-buddy-agent-1.14.12.jar)
WARNING: If a serviceability tool is in use, please run with -XX:+EnableDynamicAgentLoading to hide this warning
WARNING: If a serviceability tool is not in use, please run with -Djdk.instrument.traceUsage for more information
WARNING: Dynamic loading of agents will be disallowed by default in a future release
]]></system-err>
  </testcase>
</testsuite>